<?xml version="1.0" encoding="UTF-8"?>
<testng-results skipped="0" failed="0" ignored="0" total="1" passed="1">
  <reporter-output>
  </reporter-output>
  <suite name="Suite" duration-ms="22629" started-at="2020-05-04T20:30:47 IST" finished-at="2020-05-04T20:31:09 IST">
    <groups>
      <group name="cucumber">
        <method signature="AbstractTestNGCucumberTests.feature(cucumber.api.testng.CucumberFeatureWrapper)[pri:0, instance:cucumberOptions.TestRunner@5abca1e0]" name="feature" class="cucumber.api.testng.AbstractTestNGCucumberTests"/>
      </group> <!-- cucumber -->
    </groups>
    <test name="TestPackage.QAClickHomePageTest" duration-ms="22629" started-at="2020-05-04T20:30:47 IST" finished-at="2020-05-04T20:31:09 IST">
      <class name="cucumberOptions.TestRunner">
        <test-method status="PASS" signature="setUpClass()[pri:0, instance:cucumberOptions.TestRunner@5abca1e0]" name="setUpClass" is-config="true" duration-ms="399" started-at="2020-05-04T20:30:47 IST" finished-at="2020-05-04T20:30:47 IST">
          <reporter-output>
          </reporter-output>
        </test-method> <!-- setUpClass -->
        <test-method status="PASS" signature="feature(cucumber.api.testng.CucumberFeatureWrapper)[pri:0, instance:cucumberOptions.TestRunner@5abca1e0]" name="feature" duration-ms="22015" started-at="2020-05-04T20:30:47 IST" description="Runs Cucumber Feature" data-provider="features" finished-at="2020-05-04T20:31:09 IST">
          <params>
            <param index="0">
              <value>
                <![CDATA[Application login]]>
              </value>
            </param>
          </params>
          <reporter-output>
          </reporter-output>
        </test-method> <!-- feature -->
        <test-method status="PASS" signature="tearDownClass()[pri:0, instance:cucumberOptions.TestRunner@5abca1e0]" name="tearDownClass" is-config="true" duration-ms="19" started-at="2020-05-04T20:31:09 IST" finished-at="2020-05-04T20:31:09 IST">
          <reporter-output>
          </reporter-output>
        </test-method> <!-- tearDownClass -->
      </class> <!-- cucumberOptions.TestRunner -->
    </test> <!-- TestPackage.QAClickHomePageTest -->
  </suite> <!-- Suite -->
</testng-results>
