<?xml version="1.0" encoding="UTF-8"?>
<testng-results skipped="0" failed="0" ignored="0" total="1" passed="1">
  <reporter-output>
  </reporter-output>
  <suite name="Suite" duration-ms="18481" started-at="2020-05-04T20:27:54 IST" finished-at="2020-05-04T20:28:13 IST">
    <groups>
      <group name="cucumber">
        <method signature="AbstractTestNGCucumberTests.feature(cucumber.api.testng.CucumberFeatureWrapper)[pri:0, instance:cucumberOptions.TestRunner@646d64ab]" name="feature" class="cucumber.api.testng.AbstractTestNGCucumberTests"/>
      </group> <!-- cucumber -->
    </groups>
    <test name="TestPackage.QAClickHomePageTest" duration-ms="18481" started-at="2020-05-04T20:27:54 IST" finished-at="2020-05-04T20:28:13 IST">
      <class name="cucumberOptions.TestRunner">
        <test-method status="PASS" signature="setUpClass()[pri:0, instance:cucumberOptions.TestRunner@646d64ab]" name="setUpClass" is-config="true" duration-ms="726" started-at="2020-05-04T20:27:55 IST" finished-at="2020-05-04T20:27:55 IST">
          <reporter-output>
          </reporter-output>
        </test-method> <!-- setUpClass -->
        <test-method status="PASS" signature="feature(cucumber.api.testng.CucumberFeatureWrapper)[pri:0, instance:cucumberOptions.TestRunner@646d64ab]" name="feature" duration-ms="17352" started-at="2020-05-04T20:27:56 IST" description="Runs Cucumber Feature" data-provider="features" finished-at="2020-05-04T20:28:13 IST">
          <params>
            <param index="0">
              <value>
                <![CDATA[Application login]]>
              </value>
            </param>
          </params>
          <reporter-output>
          </reporter-output>
        </test-method> <!-- feature -->
        <test-method status="PASS" signature="tearDownClass()[pri:0, instance:cucumberOptions.TestRunner@646d64ab]" name="tearDownClass" is-config="true" duration-ms="11" started-at="2020-05-04T20:28:13 IST" finished-at="2020-05-04T20:28:13 IST">
          <reporter-output>
          </reporter-output>
        </test-method> <!-- tearDownClass -->
      </class> <!-- cucumberOptions.TestRunner -->
    </test> <!-- TestPackage.QAClickHomePageTest -->
  </suite> <!-- Suite -->
</testng-results>
